<?xml version="1.0" encoding="UTF-8"?>
<testsuite xmlns:xsi="http://www.w3.org/2001/XMLSchema-instance" xsi:noNamespaceSchemaLocation="https://maven.apache.org/surefire/maven-surefire-plugin/xsd/surefire-test-report-3.0.xsd" version="3.0" name="runner.TestRunner" time="1.737" tests="5" errors="0" skipped="0" failures="0">
  <properties>
[...]
</properties>
  <testcase name="runScenario[&quot;Successful registration with a valid password&quot;, &quot;MoneyGaming Registration&quot;](1)" classname="runner.TestRunner" time="0.127">
    <system-out><![CDATA[
Scenario: Successful registration with a valid password # src/test/resources/features/MIHAELA_YORDANOVA_MG.feature:7
Navigating to the registration page...
  Given I am on the registration page                   # stepdefinitions.RegistrationSteps.i_am_on_the_registration_page()
Entering password: Secure@123
  When I enter a valid password "Secure@123"            # stepdefinitions.RegistrationSteps.i_enter_a_valid_password(java.lang.String)
Submitting registration form...
  And I submit the registration form                    # stepdefinitions.RegistrationSteps.i_submit_the_registration_form()
Verifying confirmation message...
  Then I should see a confirmation message              # stepdefinitions.RegistrationSteps.i_should_see_a_confirmation_message()
]]></system-out>
  </testcase>
  <testcase name="runScenario[&quot;Password too short&quot;, &quot;MoneyGaming Registration&quot;](2)" classname="runner.TestRunner" time="0.068">
    <system-out><![CDATA[
Scenario: Password too short                                                       # src/test/resources/features/MIHAELA_YORDANOVA_MG.feature:13
Navigating to the registration page...
  Given I am on the registration page                                              # stepdefinitions.RegistrationSteps.i_am_on_the_registration_page()
Entering short password: A@1
  When I enter a password "A@1" that is less than 6 characters                     # stepdefinitions.RegistrationSteps.i_enter_a_password_that_is_less_than_characters(java.lang.String,java.lang.Integer)
Submitting registration form...
  And I submit the registration form                                               # stepdefinitions.RegistrationSteps.i_submit_the_registration_form()
Checking for error message: Password must be at least 6 characters long
  Then I should see an error message "Password must be at least 6 characters long" # stepdefinitions.RegistrationSteps.i_should_see_an_error_message(java.lang.String)
]]></system-out>
  </testcase>
  <testcase name="runScenario[&quot;Password missing a number&quot;, &quot;MoneyGaming Registration&quot;](3)" classname="runner.TestRunner" time="0.118">
    <system-out><![CDATA[
Scenario: Password missing a number                                              # src/test/resources/features/MIHAELA_YORDANOVA_MG.feature:19
Navigating to the registration page...
  Given I am on the registration page                                            # stepdefinitions.RegistrationSteps.i_am_on_the_registration_page()
Entering password without a number: Secure@!
  When I enter a password "Secure@!" without a number                            # stepdefinitions.RegistrationSteps.i_enter_a_password_without_a_number(java.lang.String)
Submitting registration form...
  And I submit the registration form                                             # stepdefinitions.RegistrationSteps.i_submit_the_registration_form()
Checking for error message: Password must contain at least one number
  Then I should see an error message "Password must contain at least one number" # stepdefinitions.RegistrationSteps.i_should_see_an_error_message(java.lang.String)
]]></system-out>
  </testcase>
  <testcase name="runScenario[&quot;Password missing a special character&quot;, &quot;MoneyGaming Registration&quot;](4)" classname="runner.TestRunner" time="0.054">
    <system-out><![CDATA[
Scenario: Password missing a special character                                              # src/test/resources/features/MIHAELA_YORDANOVA_MG.feature:25
Navigating to the registration page...
  Given I am on the registration page                                                       # stepdefinitions.RegistrationSteps.i_am_on_the_registration_page()
Entering password without a special character: Secure123
  When I enter a password "Secure123" without a special character                           # stepdefinitions.RegistrationSteps.i_enter_a_password_without_a_special_character(java.lang.String)
Submitting registration form...
  And I submit the registration form                                                        # stepdefinitions.RegistrationSteps.i_submit_the_registration_form()
Checking for error message: Password must contain at least one special character
  Then I should see an error message "Password must contain at least one special character" # stepdefinitions.RegistrationSteps.i_should_see_an_error_message(java.lang.String)
]]></system-out>
  </testcase>
  <testcase name="runScenario[&quot;Password missing both a number and a special character&quot;, &quot;MoneyGaming Registration&quot;](5)" classname="runner.TestRunner" time="0.003">
    <system-out><![CDATA[
Scenario: Password missing both a number and a special character                                           # src/test/resources/features/MIHAELA_YORDANOVA_MG.feature:31
Navigating to the registration page...
  Given I am on the registration page                                                                      # stepdefinitions.RegistrationSteps.i_am_on_the_registration_page()
Entering password without number and special character: SecurePass
  When I enter a password "SecurePass" without a number and special character                              # stepdefinitions.RegistrationSteps.i_enter_a_password_without_a_number_and_special_character(java.lang.String)
Submitting registration form...
  And I submit the registration form                                                                       # stepdefinitions.RegistrationSteps.i_submit_the_registration_form()
Checking for error message: Password must contain at least one number and one special character
  Then I should see an error message "Password must contain at least one number and one special character" # stepdefinitions.RegistrationSteps.i_should_see_an_error_message(java.lang.String)
]]></system-out>
  </testcase>
</testsuite>