<?xml version="1.0" encoding="UTF-8"?>
<testng-results skipped="0" failed="0" ignored="0" total="5" passed="5">
  <reporter-output>
  </reporter-output>
  <suite name="Surefire suite" duration-ms="1160" started-at="2025-02-11T11:41:52Z" finished-at="2025-02-11T11:41:54Z">
    <groups>
      <group name="cucumber">
        <method signature="AbstractTestNGCucumberTests.runScenario(io.cucumber.testng.PickleWrapper, io.cucumber.testng.FeatureWrapper)[pri:0, instance:runner.TestRunner@4590c9c3]" name="runScenario" class="io.cucumber.testng.AbstractTestNGCucumberTests"/>
      </group> <!-- cucumber -->
    </groups>
    <test name="Surefire test" duration-ms="1160" started-at="2025-02-11T11:41:52Z" finished-at="2025-02-11T11:41:54Z">
      <class name="runner.TestRunner">
        <test-method status="PASS" signature="setUpClass(org.testng.ITestContext)[pri:0, instance:runner.TestRunner@4590c9c3]" name="setUpClass" is-config="true" duration-ms="854" started-at="2025-02-11T11:41:52Z" finished-at="2025-02-11T11:41:53Z">
          <params>
            <param index="0">
              <value>
                <![CDATA[org.testng.TestRunner@723e88f9]]>
              </value>
            </param>
          </params>
          <reporter-output>
          </reporter-output>
        </test-method> <!-- setUpClass -->
        <test-method status="PASS" signature="runScenario(io.cucumber.testng.PickleWrapper, io.cucumber.testng.FeatureWrapper)[pri:0, instance:runner.TestRunner@4590c9c3]" name="runScenario" duration-ms="115" started-at="2025-02-11T11:41:53Z" description="Runs Cucumber Scenarios" data-provider="scenarios" finished-at="2025-02-11T11:41:53Z">
          <params>
            <param index="0">
              <value>
                <![CDATA["Successful registration with a valid password"]]>
              </value>
            </param>
            <param index="1">
              <value>
                <![CDATA["MoneyGaming Registration"]]>
              </value>
            </param>
          </params>
          <reporter-output>
          </reporter-output>
        </test-method> <!-- runScenario -->
        <test-method status="PASS" signature="runScenario(io.cucumber.testng.PickleWrapper, io.cucumber.testng.FeatureWrapper)[pri:0, instance:runner.TestRunner@4590c9c3]" name="runScenario" duration-ms="21" started-at="2025-02-11T11:41:53Z" description="Runs Cucumber Scenarios" data-provider="scenarios" finished-at="2025-02-11T11:41:53Z">
          <params>
            <param index="0">
              <value>
                <![CDATA["Password too short"]]>
              </value>
            </param>
            <param index="1">
              <value>
                <![CDATA["MoneyGaming Registration"]]>
              </value>
            </param>
          </params>
          <reporter-output>
          </reporter-output>
        </test-method> <!-- runScenario -->
        <test-method status="PASS" signature="runScenario(io.cucumber.testng.PickleWrapper, io.cucumber.testng.FeatureWrapper)[pri:0, instance:runner.TestRunner@4590c9c3]" name="runScenario" duration-ms="24" started-at="2025-02-11T11:41:53Z" description="Runs Cucumber Scenarios" data-provider="scenarios" finished-at="2025-02-11T11:41:53Z">
          <params>
            <param index="0">
              <value>
                <![CDATA["Password missing a number"]]>
              </value>
            </param>
            <param index="1">
              <value>
                <![CDATA["MoneyGaming Registration"]]>
              </value>
            </param>
          </params>
          <reporter-output>
          </reporter-output>
        </test-method> <!-- runScenario -->
        <test-method status="PASS" signature="runScenario(io.cucumber.testng.PickleWrapper, io.cucumber.testng.FeatureWrapper)[pri:0, instance:runner.TestRunner@4590c9c3]" name="runScenario" duration-ms="27" started-at="2025-02-11T11:41:53Z" description="Runs Cucumber Scenarios" data-provider="scenarios" finished-at="2025-02-11T11:41:53Z">
          <params>
            <param index="0">
              <value>
                <![CDATA["Password missing a special character"]]>
              </value>
            </param>
            <param index="1">
              <value>
                <![CDATA["MoneyGaming Registration"]]>
              </value>
            </param>
          </params>
          <reporter-output>
          </reporter-output>
        </test-method> <!-- runScenario -->
        <test-method status="PASS" signature="runScenario(io.cucumber.testng.PickleWrapper, io.cucumber.testng.FeatureWrapper)[pri:0, instance:runner.TestRunner@4590c9c3]" name="runScenario" duration-ms="15" started-at="2025-02-11T11:41:53Z" description="Runs Cucumber Scenarios" data-provider="scenarios" finished-at="2025-02-11T11:41:53Z">
          <params>
            <param index="0">
              <value>
                <![CDATA["Password missing both a number and a special character"]]>
              </value>
            </param>
            <param index="1">
              <value>
                <![CDATA["MoneyGaming Registration"]]>
              </value>
            </param>
          </params>
          <reporter-output>
          </reporter-output>
        </test-method> <!-- runScenario -->
        <test-method status="PASS" signature="tearDownClass()[pri:0, instance:runner.TestRunner@4590c9c3]" name="tearDownClass" is-config="true" duration-ms="79" started-at="2025-02-11T11:41:53Z" finished-at="2025-02-11T11:41:54Z">
          <reporter-output>
          </reporter-output>
        </test-method> <!-- tearDownClass -->
      </class> <!-- runner.TestRunner -->
    </test> <!-- Surefire test -->
  </suite> <!-- Surefire suite -->
</testng-results>
